<?xml version="1.0" encoding="UTF-8"?>
<!-- Generated by org.testng.reporters.JUnitReportReporter -->
<testsuite skipped="0" hostname="Angelas-MacBook-Pro.local" name="mobileTests.MFilterByPropertyType" tests="3" failures="0" timestamp="28 Apr 2018 23:06:02 GMT" time="222.093" errors="0">
  <testcase name="mFilterCondo" time="70.139" classname="mobileTests.MFilterByPropertyType"/>
  <testcase name="mFilterTownHome" time="78.189" classname="mobileTests.MFilterByPropertyType"/>
  <testcase name="mFilterSingleFamily" time="73.765" classname="mobileTests.MFilterByPropertyType"/>
</testsuite> <!-- mobileTests.MFilterByPropertyType -->
