<?xml version="1.0" encoding="UTF-8"?>
<!-- Generated by org.testng.reporters.JUnitReportReporter -->
<testsuite skipped="0" hostname="Angelas-MacBook-Pro.local" name="webTests.SearchforSpecificProperty" tests="1" failures="0" timestamp="06 Jun 2019 17:47:06 GMT" time="8.714" errors="0">
  <testcase name="searchSpecificProperty" time="8.714" classname="webTests.SearchforSpecificProperty"/>
</testsuite> <!-- webTests.SearchforSpecificProperty -->
