<?xml version="1.0" encoding="UTF-8"?>
<!-- Generated by org.testng.reporters.JUnitReportReporter -->
<testsuite skipped="0" hostname="Angelas-MacBook-Pro.local" name="webTests.FilterMoreResultsByYear" tests="1" failures="0" timestamp="19 May 2019 19:02:56 GMT" time="45.496" errors="0">
  <testcase name="filterResultsByYear" time="45.496" classname="webTests.FilterMoreResultsByYear"/>
</testsuite> <!-- webTests.FilterMoreResultsByYear -->
