<?xml version="1.0" encoding="UTF-8"?>
<!-- Generated by org.testng.reporters.JUnitReportReporter -->
<testsuite skipped="0" hostname="Angelas-MacBook-Pro.local" name="mobileTests.MFilterByKeyword" tests="1" failures="0" timestamp="27 Apr 2018 01:34:55 GMT" time="67.881" errors="0">
  <testcase name="mFilterKeyword" time="67.881" classname="mobileTests.MFilterByKeyword"/>
</testsuite> <!-- mobileTests.MFilterByKeyword -->
