<?xml version="1.0" encoding="UTF-8"?>
<!-- Generated by org.testng.reporters.JUnitReportReporter -->
<testsuite skipped="0" hostname="Angelas-MacBook-Pro.local" name="webTests.SortResultsByPriceBedBath" tests="4" failures="0" timestamp="06 Jun 2019 17:46:16 GMT" time="125.268" errors="0">
  <testcase name="sortResultsByBeds" time="33.882" classname="webTests.SortResultsByPriceBedBath"/>
  <testcase name="sortResultsByMostRecent" time="26.032" classname="webTests.SortResultsByPriceBedBath"/>
  <testcase name="sortResultsByBaths" time="33.424" classname="webTests.SortResultsByPriceBedBath"/>
  <testcase name="sortResultsByPrice" time="31.930" classname="webTests.SortResultsByPriceBedBath"/>
</testsuite> <!-- webTests.SortResultsByPriceBedBath -->
