<?xml version="1.0" encoding="UTF-8"?>
<!-- Generated by org.testng.reporters.JUnitReportReporter -->
<testsuite skipped="0" hostname="Angelas-MacBook-Pro.local" name="mobileTests.MFilterByPendingSoldForSaleStatus" tests="3" failures="0" timestamp="26 Apr 2018 21:49:57 GMT" time="170.655" errors="0">
  <testcase name="mFilterSold" time="49.767" classname="mobileTests.MFilterByPendingSoldForSaleStatus"/>
  <testcase name="mFilterPending" time="58.605" classname="mobileTests.MFilterByPendingSoldForSaleStatus"/>
  <testcase name="mFilterForSale" time="62.283" classname="mobileTests.MFilterByPendingSoldForSaleStatus"/>
</testsuite> <!-- mobileTests.MFilterByPendingSoldForSaleStatus -->
