<?xml version="1.0" encoding="UTF-8"?>
<!-- Generated by org.testng.reporters.JUnitReportReporter -->
<testsuite skipped="0" hostname="Angelas-MacBook-Pro.local" name="webTests.FilterMoreResultsBySquareFeet" tests="1" failures="0" timestamp="18 Apr 2018 23:22:10 GMT" time="26.928" errors="0">
  <testcase name="filterResultsBySqFeet" time="26.928" classname="webTests.FilterMoreResultsBySquareFeet"/>
</testsuite> <!-- webTests.FilterMoreResultsBySquareFeet -->
