<?xml version="1.0" encoding="UTF-8"?>
<!-- Generated by org.testng.reporters.JUnitReportReporter -->
<testsuite skipped="0" hostname="Angelas-MacBook-Pro.local" name="webTests.SignUp_NegativeTests" tests="1" failures="0" timestamp="06 Jun 2019 17:46:21 GMT" time="8.126" errors="0">
  <testcase name="signUpWithInvalidPassword" time="8.126" classname="webTests.SignUp_NegativeTests"/>
</testsuite> <!-- webTests.SignUp_NegativeTests -->
