<?xml version="1.0" encoding="UTF-8"?>
<!-- Generated by org.testng.reporters.JUnitReportReporter -->
<testsuite skipped="0" hostname="Angelas-MacBook-Pro.local" name="webTests.FilterMoreResultsByKeyword" tests="1" failures="0" timestamp="18 Apr 2018 23:57:54 GMT" time="52.595" errors="0">
  <testcase name="filterResultsByKeyword" time="52.595" classname="webTests.FilterMoreResultsByKeyword"/>
</testsuite> <!-- webTests.FilterMoreResultsByKeyword -->
