<?xml version="1.0" encoding="UTF-8"?>
<!-- Generated by org.testng.reporters.JUnitReportReporter -->
<testsuite skipped="0" hostname="Angelas-MacBook-Pro.local" name="webTests.Login_and_Search" tests="1" failures="0" timestamp="06 Jun 2019 17:46:41 GMT" time="21.815" errors="0">
  <testcase name="loginSearch" time="21.815" classname="webTests.Login_and_Search"/>
</testsuite> <!-- webTests.Login_and_Search -->
