<?xml version="1.0" encoding="UTF-8"?>
<!-- Generated by org.testng.reporters.JUnitReportReporter -->
<testsuite skipped="0" hostname="Angelas-MacBook-Pro.local" name="mobileTests.MFilterByBedBath" tests="2" failures="0" timestamp="26 Apr 2018 22:57:52 GMT" time="95.988" errors="0">
  <testcase name="mFilterBed" time="47.425" classname="mobileTests.MFilterByBedBath"/>
  <testcase name="mFilterBath" time="48.563" classname="mobileTests.MFilterByBedBath"/>
</testsuite> <!-- mobileTests.MFilterByBedBath -->
