<?xml version="1.0" encoding="UTF-8"?>
<!-- Generated by org.testng.reporters.JUnitReportReporter -->
<testsuite skipped="0" hostname="Angelas-MacBook-Pro.local" name="webTests.FilterMoreResultsBySquareFeet" tests="1" failures="0" timestamp="06 Jun 2019 17:47:01 GMT" time="27.179" errors="0">
  <testcase name="filterResultsBySqFeet" time="27.179" classname="webTests.FilterMoreResultsBySquareFeet"/>
</testsuite> <!-- webTests.FilterMoreResultsBySquareFeet -->
