<?xml version="1.0" encoding="UTF-8"?>
<!-- Generated by org.testng.reporters.JUnitReportReporter -->
<testsuite skipped="0" hostname="Angelas-MacBook-Pro.local" name="mobileTests.MLoginandSearch" tests="1" failures="0" timestamp="07 Jun 2019 03:55:46 GMT" time="54.590" errors="0">
  <testcase name="mobileLoginAndSearch" time="54.590" classname="mobileTests.MLoginandSearch"/>
</testsuite> <!-- mobileTests.MLoginandSearch -->
