<?xml version="1.0" encoding="UTF-8"?>
<!-- Generated by org.testng.reporters.JUnitReportReporter -->
<testsuite skipped="0" hostname="Angelas-MacBook-Pro.local" name="mobileTests.MFilterByBedBath" tests="2" failures="0" timestamp="07 Jun 2019 03:55:57 GMT" time="84.019" errors="0">
  <testcase name="mFilterBed" time="43.365" classname="mobileTests.MFilterByBedBath"/>
  <testcase name="mFilterBath" time="40.654" classname="mobileTests.MFilterByBedBath"/>
</testsuite> <!-- mobileTests.MFilterByBedBath -->
