<?xml version="1.0" encoding="UTF-8"?>
<!-- Generated by org.testng.reporters.JUnitReportReporter -->
<testsuite skipped="0" hostname="Angelas-MacBook-Pro.local" name="webTests.FilterMoreResultsByYear" tests="1" failures="0" timestamp="06 Jun 2019 17:35:20 GMT" time="55.014" errors="0">
  <testcase name="filterResultsByYear" time="55.014" classname="webTests.FilterMoreResultsByYear"/>
</testsuite> <!-- webTests.FilterMoreResultsByYear -->
