<?xml version="1.0" encoding="UTF-8"?>
<!-- Generated by org.testng.reporters.JUnitReportReporter -->
<testsuite skipped="0" hostname="Angelas-MacBook-Pro.local" name="mobileTests.MSignUp_NewUser" tests="1" failures="0" timestamp="07 Jun 2019 03:55:41 GMT" time="46.277" errors="0">
  <testcase name="mSignUpNewUser" time="46.277" classname="mobileTests.MSignUp_NewUser"/>
</testsuite> <!-- mobileTests.MSignUp_NewUser -->
