<?xml version="1.0" encoding="UTF-8"?>
<!-- Generated by org.testng.reporters.JUnitReportReporter -->
<testsuite skipped="0" hostname="Angelas-MacBook-Pro.local" name="mobileTests.MFilterByPropertyType" tests="3" failures="0" timestamp="07 Jun 2019 03:56:02 GMT" time="188.629" errors="0">
  <testcase name="mFilterTownHome" time="61.873" classname="mobileTests.MFilterByPropertyType"/>
  <testcase name="mFilterCondo" time="62.801" classname="mobileTests.MFilterByPropertyType"/>
  <testcase name="mFilterSingleFamily" time="63.955" classname="mobileTests.MFilterByPropertyType"/>
</testsuite> <!-- mobileTests.MFilterByPropertyType -->
