<?xml version="1.0" encoding="UTF-8"?>
<!-- Generated by org.testng.reporters.JUnitReportReporter -->
<testsuite skipped="0" hostname="Angelas-MacBook-Pro.local" name="mobileTests.MFilterByPendingSoldForSaleStatus" tests="3" failures="0" timestamp="07 Jun 2019 03:55:52 GMT" time="136.879" errors="0">
  <testcase name="mFilterSold" time="45.661" classname="mobileTests.MFilterByPendingSoldForSaleStatus"/>
  <testcase name="mFilterForSale" time="46.062" classname="mobileTests.MFilterByPendingSoldForSaleStatus"/>
  <testcase name="mFilterPending" time="45.156" classname="mobileTests.MFilterByPendingSoldForSaleStatus"/>
</testsuite> <!-- mobileTests.MFilterByPendingSoldForSaleStatus -->
