<?xml version="1.0" encoding="UTF-8"?>
<!-- Generated by org.testng.reporters.JUnitReportReporter -->
<testsuite skipped="0" hostname="Angelas-MacBook-Pro.local" name="webTests.FilterMoreResultsByKeyword" tests="1" failures="0" timestamp="06 Jun 2019 17:35:25 GMT" time="48.788" errors="0">
  <testcase name="filterResultsByKeyword" time="48.788" classname="webTests.FilterMoreResultsByKeyword"/>
</testsuite> <!-- webTests.FilterMoreResultsByKeyword -->
